<?xml version="1.0" encoding="UTF-8" ?>
<testsuites>
  <testsuite errors="0" failures="0" hostname="andryss" id="0" name="AreaCheckerTest" package="model" skipped="0" tests="1" time="0.027" timestamp="2023-05-02T10:20:07">
      <properties>
[...]
</properties>

      <testcase classname="model.AreaCheckerTest" name="testCheck" time="0.0" />

      <system-out><![CDATA[]]></system-out>

      <system-err><![CDATA[]]></system-err>

  </testsuite>
  <testsuite errors="0" failures="0" hostname="andryss" id="1" name="HistoryManagerTest" package="model" skipped="0" tests="1" time="2.445" timestamp="2023-05-02T10:20:07">
      <properties>
[...]
</properties>

      <testcase classname="model.HistoryManagerTest" name="getUserHistory" time="0.198" />

      <system-out><![CDATA[Hibernate: alter table histories drop constraint FK8w9eva74w7t7xtf2opb33f8bq
Hibernate: drop table if exists histories cascade
Hibernate: drop table if exists users cascade
Hibernate: create table histories (id  bigserial not null, execution_time int8 not null, r float8 not null, response_time int8 not null, result boolean not null, x float8 not null, y float8 not null, user_id int8, primary key (id))
Hibernate: create table users (user_id  bigserial not null, user_session_id varchar(255) not null, primary key (user_id))
Hibernate: alter table users add constraint UK_2qnq1d7wsthc3uhvch99q2cf unique (user_session_id)
Hibernate: alter table histories add constraint FK8w9eva74w7t7xtf2opb33f8bq foreign key (user_id) references users
Hibernate: delete from users
Hibernate: delete from histories
Hibernate: select user0_.user_id as user_id1_1_, user0_.user_session_id as user_ses2_1_ from users user0_ where user0_.user_session_id=?
Hibernate: insert into users (user_session_id) values (?)
Hibernate: insert into histories (execution_time, r, response_time, result, user_id, x, y) values (?, ?, ?, ?, ?, ?, ?)
Hibernate: select user0_.user_id as user_id1_1_, user0_.user_session_id as user_ses2_1_ from users user0_ where user0_.user_session_id=?
Hibernate: select histories0_.user_id as user_id8_0_0_, histories0_.id as id1_0_0_, histories0_.id as id1_0_1_, histories0_.execution_time as executio2_0_1_, histories0_.r as r3_0_1_, histories0_.response_time as response4_0_1_, histories0_.result as result5_0_1_, histories0_.user_id as user_id8_0_1_, histories0_.x as x6_0_1_, histories0_.y as y7_0_1_ from histories histories0_ where histories0_.user_id=? order by histories0_.response_time asc
Hibernate: select user0_.user_id as user_id1_1_, user0_.user_session_id as user_ses2_1_ from users user0_ where user0_.user_session_id=?
Hibernate: select histories0_.user_id as user_id8_0_0_, histories0_.id as id1_0_0_, histories0_.id as id1_0_1_, histories0_.execution_time as executio2_0_1_, histories0_.r as r3_0_1_, histories0_.response_time as response4_0_1_, histories0_.result as result5_0_1_, histories0_.user_id as user_id8_0_1_, histories0_.x as x6_0_1_, histories0_.y as y7_0_1_ from histories histories0_ where histories0_.user_id=? order by histories0_.response_time asc
Hibernate: insert into histories (execution_time, r, response_time, result, user_id, x, y) values (?, ?, ?, ?, ?, ?, ?)
Hibernate: select user0_.user_id as user_id1_1_, user0_.user_session_id as user_ses2_1_ from users user0_ where user0_.user_session_id=?
Hibernate: select histories0_.user_id as user_id8_0_0_, histories0_.id as id1_0_0_, histories0_.id as id1_0_1_, histories0_.execution_time as executio2_0_1_, histories0_.r as r3_0_1_, histories0_.response_time as response4_0_1_, histories0_.result as result5_0_1_, histories0_.user_id as user_id8_0_1_, histories0_.x as x6_0_1_, histories0_.y as y7_0_1_ from histories histories0_ where histories0_.user_id=? order by histories0_.response_time asc
Hibernate: select user0_.user_id as user_id1_1_, user0_.user_session_id as user_ses2_1_ from users user0_ where user0_.user_session_id=?
Hibernate: select histories0_.user_id as user_id8_0_0_, histories0_.id as id1_0_0_, histories0_.id as id1_0_1_, histories0_.execution_time as executio2_0_1_, histories0_.r as r3_0_1_, histories0_.response_time as response4_0_1_, histories0_.result as result5_0_1_, histories0_.user_id as user_id8_0_1_, histories0_.x as x6_0_1_, histories0_.y as y7_0_1_ from histories histories0_ where histories0_.user_id=? order by histories0_.response_time asc
Hibernate: insert into histories (execution_time, r, response_time, result, user_id, x, y) values (?, ?, ?, ?, ?, ?, ?)
Hibernate: select user0_.user_id as user_id1_1_, user0_.user_session_id as user_ses2_1_ from users user0_ where user0_.user_session_id=?
Hibernate: select histories0_.user_id as user_id8_0_0_, histories0_.id as id1_0_0_, histories0_.id as id1_0_1_, histories0_.execution_time as executio2_0_1_, histories0_.r as r3_0_1_, histories0_.response_time as response4_0_1_, histories0_.result as result5_0_1_, histories0_.user_id as user_id8_0_1_, histories0_.x as x6_0_1_, histories0_.y as y7_0_1_ from histories histories0_ where histories0_.user_id=? order by histories0_.response_time asc
Hibernate: select user0_.user_id as user_id1_1_, user0_.user_session_id as user_ses2_1_ from users user0_ where user0_.user_session_id=?
Hibernate: select histories0_.user_id as user_id8_0_0_, histories0_.id as id1_0_0_, histories0_.id as id1_0_1_, histories0_.execution_time as executio2_0_1_, histories0_.r as r3_0_1_, histories0_.response_time as response4_0_1_, histories0_.result as result5_0_1_, histories0_.user_id as user_id8_0_1_, histories0_.x as x6_0_1_, histories0_.y as y7_0_1_ from histories histories0_ where histories0_.user_id=? order by histories0_.response_time asc
]]></system-out>

      <system-err><![CDATA[]]></system-err>

  </testsuite>
</testsuites>
